# JRE version: OpenJDK Runtime Environment (8.0_312-b07) (build 1.8.0_312-b07)
# Java VM: OpenJDK 64-Bit Server VM (25.312-b07 mixed mode windows-amd64 compressed oops)
Heap:
 PSYoungGen      total 140800K, used 25103K [0x000000076b700000, 0x0000000774b00000, 0x00000007c0000000)
  eden space 130048K, 11% used [0x000000076b700000,0x000000076c504e28,0x0000000773600000)
  from space 10752K, 99% used [0x0000000774080000,0x0000000774afef48,0x0000000774b00000)
  to   space 10752K, 0% used [0x0000000773600000,0x0000000773600000,0x0000000774080000)
 ParOldGen       total 95232K, used 18983K [0x00000006c2400000, 0x00000006c8100000, 0x000000076b700000)
  object space 95232K, 19% used [0x00000006c2400000,0x00000006c3689e20,0x00000006c8100000)
 Metaspace       used 51638K, capacity 54950K, committed 55256K, reserved 1097728K
  class space    used 7007K, capacity 7568K, committed 7680K, reserved 1048576K
GC Heap History (10 events):
Event: 2.855 GC heap before
{Heap before GC invocations=6 (full 1):
 PSYoungGen      total 140800K, used 130048K [0x000000076b700000, 0x0000000774b00000, 0x00000007c0000000)
  eden space 130048K, 100% used [0x000000076b700000,0x0000000773600000,0x0000000773600000)
  from space 10752K, 0% used [0x0000000774080000,0x0000000774080000,0x0000000774b00000)
  to   space 10752K, 0% used [0x0000000773600000,0x0000000773600000,0x0000000774080000)
 ParOldGen       total 95232K, used 6614K [0x00000006c2400000, 0x00000006c8100000, 0x000000076b700000)
  object space 95232K, 6% used [0x00000006c2400000,0x00000006c2a75850,0x00000006c8100000)
 Metaspace       used 28943K, capacity 31078K, committed 31360K, reserved 1077248K
  class space    used 3726K, capacity 4107K, committed 4224K, reserved 1048576K
Event: 2.868 GC heap after
Heap after GC invocations=6 (full 1):
 PSYoungGen      total 140800K, used 10742K [0x000000076b700000, 0x0000000774b00000, 0x00000007c0000000)
  eden space 130048K, 0% used [0x000000076b700000,0x000000076b700000,0x0000000773600000)
  from space 10752K, 99% used [0x0000000773600000,0x000000077407d928,0x0000000774080000)
  to   space 10752K, 0% used [0x0000000774080000,0x0000000774080000,0x0000000774b00000)
 ParOldGen       total 95232K, used 8913K [0x00000006c2400000, 0x00000006c8100000, 0x000000076b700000)
  object space 95232K, 9% used [0x00000006c2400000,0x00000006c2cb4558,0x00000006c8100000)
 Metaspace       used 28943K, capacity 31078K, committed 31360K, reserved 1077248K
  class space    used 3726K, capacity 4107K, committed 4224K, reserved 1048576K
}
Event: 3.432 GC heap before
{Heap before GC invocations=7 (full 1):
 PSYoungGen      total 140800K, used 137836K [0x000000076b700000, 0x0000000774b00000, 0x00000007c0000000)
  eden space 130048K, 97% used [0x000000076b700000,0x000000077331d918,0x0000000773600000)
  from space 10752K, 99% used [0x0000000773600000,0x000000077407d928,0x0000000774080000)
  to   space 10752K, 0% used [0x0000000774080000,0x0000000774080000,0x0000000774b00000)
 ParOldGen       total 95232K, used 8913K [0x00000006c2400000, 0x00000006c8100000, 0x000000076b700000)
  object space 95232K, 9% used [0x00000006c2400000,0x00000006c2cb4558,0x00000006c8100000)
 Metaspace       used 33084K, capacity 35328K, committed 35416K, reserved 1079296K
  class space    used 4280K, capacity 4704K, committed 4736K, reserved 1048576K
Event: 3.439 GC heap after
Heap after GC invocations=7 (full 1):
 PSYoungGen      total 140800K, used 10069K [0x000000076b700000, 0x0000000774b00000, 0x00000007c0000000)
  eden space 130048K, 0% used [0x000000076b700000,0x000000076b700000,0x0000000773600000)
  from space 10752K, 93% used [0x0000000774080000,0x0000000774a55758,0x0000000774b00000)
  to   space 10752K, 0% used [0x0000000773600000,0x0000000773600000,0x0000000774080000)
 ParOldGen       total 95232K, used 8921K [0x00000006c2400000, 0x00000006c8100000, 0x000000076b700000)
  object space 95232K, 9% used [0x00000006c2400000,0x00000006c2cb6558,0x00000006c8100000)
 Metaspace       used 33084K, capacity 35328K, committed 35416K, reserved 1079296K
  class space    used 4280K, capacity 4704K, committed 4736K, reserved 1048576K
}
Event: 3.439 GC heap before
{Heap before GC invocations=8 (full 2):
 PSYoungGen      total 140800K, used 10069K [0x000000076b700000, 0x0000000774b00000, 0x00000007c0000000)
  eden space 130048K, 0% used [0x000000076b700000,0x000000076b700000,0x0000000773600000)
  from space 10752K, 93% used [0x0000000774080000,0x0000000774a55758,0x0000000774b00000)
  to   space 10752K, 0% used [0x0000000773600000,0x0000000773600000,0x0000000774080000)
 ParOldGen       total 95232K, used 8921K [0x00000006c2400000, 0x00000006c8100000, 0x000000076b700000)
  object space 95232K, 9% used [0x00000006c2400000,0x00000006c2cb6558,0x00000006c8100000)
 Metaspace       used 33084K, capacity 35328K, committed 35416K, reserved 1079296K
  class space    used 4280K, capacity 4704K, committed 4736K, reserved 1048576K
Event: 3.490 GC heap after
Heap after GC invocations=8 (full 2):
 PSYoungGen      total 140800K, used 0K [0x000000076b700000, 0x0000000774b00000, 0x00000007c0000000)
  eden space 130048K, 0% used [0x000000076b700000,0x000000076b700000,0x0000000773600000)
  from space 10752K, 0% used [0x0000000774080000,0x0000000774080000,0x0000000774b00000)
  to   space 10752K, 0% used [0x0000000773600000,0x0000000773600000,0x0000000774080000)
 ParOldGen       total 95232K, used 14780K [0x00000006c2400000, 0x00000006c8100000, 0x000000076b700000)
  object space 95232K, 15% used [0x00000006c2400000,0x00000006c326f0e0,0x00000006c8100000)
 Metaspace       used 33084K, capacity 35328K, committed 35416K, reserved 1079296K
  class space    used 4280K, capacity 4704K, committed 4736K, reserved 1048576K
}
Event: 4.725 GC heap before
{Heap before GC invocations=9 (full 2):
 PSYoungGen      total 140800K, used 130048K [0x000000076b700000, 0x0000000774b00000, 0x00000007c0000000)
  eden space 130048K, 100% used [0x000000076b700000,0x0000000773600000,0x0000000773600000)
  from space 10752K, 0% used [0x0000000774080000,0x0000000774080000,0x0000000774b00000)
  to   space 10752K, 0% used [0x0000000773600000,0x0000000773600000,0x0000000774080000)
 ParOldGen       total 95232K, used 14780K [0x00000006c2400000, 0x00000006c8100000, 0x000000076b700000)
  object space 95232K, 15% used [0x00000006c2400000,0x00000006c326f0e0,0x00000006c8100000)
 Metaspace       used 46164K, capacity 48792K, committed 48984K, reserved 1091584K
  class space    used 6268K, capacity 6707K, committed 6784K, reserved 1048576K
Event: 4.733 GC heap after
Heap after GC invocations=9 (full 2):
 PSYoungGen      total 140800K, used 10739K [0x000000076b700000, 0x0000000774b00000, 0x00000007c0000000)
  eden space 130048K, 0% used [0x000000076b700000,0x000000076b700000,0x0000000773600000)
  from space 10752K, 99% used [0x0000000773600000,0x000000077407cce8,0x0000000774080000)
  to   space 10752K, 0% used [0x0000000774080000,0x0000000774080000,0x0000000774b00000)
 ParOldGen       total 95232K, used 18516K [0x00000006c2400000, 0x00000006c8100000, 0x000000076b700000)
  object space 95232K, 19% used [0x00000006c2400000,0x00000006c3615338,0x00000006c8100000)
 Metaspace       used 46164K, capacity 48792K, committed 48984K, reserved 1091584K
  class space    used 6268K, capacity 6707K, committed 6784K, reserved 1048576K
}
Event: 5.485 GC heap before
{Heap before GC invocations=10 (full 2):
 PSYoungGen      total 140800K, used 140787K [0x000000076b700000, 0x0000000774b00000, 0x00000007c0000000)
  eden space 130048K, 100% used [0x000000076b700000,0x0000000773600000,0x0000000773600000)
  from space 10752K, 99% used [0x0000000773600000,0x000000077407cce8,0x0000000774080000)
  to   space 10752K, 0% used [0x0000000774080000,0x0000000774080000,0x0000000774b00000)
 ParOldGen       total 95232K, used 18516K [0x00000006c2400000, 0x00000006c8100000, 0x000000076b700000)
  object space 95232K, 19% used [0x00000006c2400000,0x00000006c3615338,0x00000006c8100000)
 Metaspace       used 51206K, capacity 54502K, committed 54616K, reserved 1095680K
  class space    used 6953K, capacity 7476K, committed 7552K, reserved 1048576K
Event: 5.493 GC heap after
Heap after GC invocations=10 (full 2):
 PSYoungGen      total 140800K, used 10747K [0x000000076b700000, 0x0000000774b00000, 0x00000007c0000000)
  eden space 130048K, 0% used [0x000000076b700000,0x000000076b700000,0x0000000773600000)
  from space 10752K, 99% used [0x0000000774080000,0x0000000774afef48,0x0000000774b00000)
  to   space 10752K, 0% used [0x0000000773600000,0x0000000773600000,0x0000000774080000)
 ParOldGen       total 95232K, used 18983K [0x00000006c2400000, 0x00000006c8100000, 0x000000076b700000)
  object space 95232K, 19% used [0x00000006c2400000,0x00000006c3689e20,0x00000006c8100000)
 Metaspace       used 51206K, capacity 54502K, committed 54616K, reserved 1095680K
  class space    used 6953K, capacity 7476K, committed 7552K, reserved 1048576K
}

