# JRE version: OpenJDK Runtime Environment (8.0_312-b07) (build 1.8.0_312-b07)
# Java VM: OpenJDK 64-Bit Server VM (25.312-b07 mixed mode windows-amd64 compressed oops)
Heap:
 PSYoungGen      total 75776K, used 21175K [0x000000076b700000, 0x0000000770b80000, 0x00000007c0000000)
  eden space 65024K, 22% used [0x000000076b700000,0x000000076c5467d8,0x000000076f680000)
  from space 10752K, 60% used [0x000000076f680000,0x000000076fce76d8,0x0000000770100000)
  to   space 10752K, 0% used [0x0000000770100000,0x0000000770100000,0x0000000770b80000)
 ParOldGen       total 97792K, used 6619K [0x00000006c2400000, 0x00000006c8380000, 0x000000076b700000)
  object space 97792K, 6% used [0x00000006c2400000,0x00000006c2a76c18,0x00000006c8380000)
 Metaspace       used 24903K, capacity 26426K, committed 26624K, reserved 1073152K
  class space    used 3149K, capacity 3469K, committed 3584K, reserved 1048576K
GC Heap History (10 events):
Event: 0.983 GC heap before
{Heap before GC invocations=2 (full 0):
 PSYoungGen      total 75776K, used 69974K [0x000000076b700000, 0x0000000770b80000, 0x00000007c0000000)
  eden space 65024K, 100% used [0x000000076b700000,0x000000076f680000,0x000000076f680000)
  from space 10752K, 46% used [0x000000076f680000,0x000000076fb55a40,0x0000000770100000)
  to   space 10752K, 0% used [0x0000000770100000,0x0000000770100000,0x0000000770b80000)
 ParOldGen       total 173568K, used 16K [0x00000006c2400000, 0x00000006ccd80000, 0x000000076b700000)
  object space 173568K, 0% used [0x00000006c2400000,0x00000006c2404000,0x00000006ccd80000)
 Metaspace       used 15709K, capacity 16512K, committed 16768K, reserved 1064960K
  class space    used 1900K, capacity 2087K, committed 2176K, reserved 1048576K
Event: 0.989 GC heap after
Heap after GC invocations=2 (full 0):
 PSYoungGen      total 75776K, used 10158K [0x000000076b700000, 0x0000000770b80000, 0x00000007c0000000)
  eden space 65024K, 0% used [0x000000076b700000,0x000000076b700000,0x000000076f680000)
  from space 10752K, 94% used [0x0000000770100000,0x0000000770aebb20,0x0000000770b80000)
  to   space 10752K, 0% used [0x000000076f680000,0x000000076f680000,0x0000000770100000)
 ParOldGen       total 173568K, used 24K [0x00000006c2400000, 0x00000006ccd80000, 0x000000076b700000)
  object space 173568K, 0% used [0x00000006c2400000,0x00000006c2406000,0x00000006ccd80000)
 Metaspace       used 15709K, capacity 16512K, committed 16768K, reserved 1064960K
  class space    used 1900K, capacity 2087K, committed 2176K, reserved 1048576K
}
Event: 1.215 GC heap before
{Heap before GC invocations=3 (full 0):
 PSYoungGen      total 75776K, used 75140K [0x000000076b700000, 0x0000000770b80000, 0x00000007c0000000)
  eden space 65024K, 99% used [0x000000076b700000,0x000000076f6754e8,0x000000076f680000)
  from space 10752K, 94% used [0x0000000770100000,0x0000000770aebb20,0x0000000770b80000)
  to   space 10752K, 0% used [0x000000076f680000,0x000000076f680000,0x0000000770100000)
 ParOldGen       total 173568K, used 24K [0x00000006c2400000, 0x00000006ccd80000, 0x000000076b700000)
  object space 173568K, 0% used [0x00000006c2400000,0x00000006c2406000,0x00000006ccd80000)
 Metaspace       used 19342K, capacity 20250K, committed 20352K, reserved 1067008K
  class space    used 2413K, capacity 2612K, committed 2688K, reserved 1048576K
Event: 1.220 GC heap after
Heap after GC invocations=3 (full 0):
 PSYoungGen      total 75776K, used 8502K [0x000000076b700000, 0x0000000770b80000, 0x00000007c0000000)
  eden space 65024K, 0% used [0x000000076b700000,0x000000076b700000,0x000000076f680000)
  from space 10752K, 79% used [0x000000076f680000,0x000000076fecd9c0,0x0000000770100000)
  to   space 10752K, 0% used [0x0000000770100000,0x0000000770100000,0x0000000770b80000)
 ParOldGen       total 173568K, used 32K [0x00000006c2400000, 0x00000006ccd80000, 0x000000076b700000)
  object space 173568K, 0% used [0x00000006c2400000,0x00000006c2408000,0x00000006ccd80000)
 Metaspace       used 19342K, capacity 20250K, committed 20352K, reserved 1067008K
  class space    used 2413K, capacity 2612K, committed 2688K, reserved 1048576K
}
Event: 1.328 GC heap before
{Heap before GC invocations=4 (full 0):
 PSYoungGen      total 75776K, used 29963K [0x000000076b700000, 0x0000000770b80000, 0x00000007c0000000)
  eden space 65024K, 33% used [0x000000076b700000,0x000000076cbf5500,0x000000076f680000)
  from space 10752K, 79% used [0x000000076f680000,0x000000076fecd9c0,0x0000000770100000)
  to   space 10752K, 0% used [0x0000000770100000,0x0000000770100000,0x0000000770b80000)
 ParOldGen       total 173568K, used 32K [0x00000006c2400000, 0x00000006ccd80000, 0x000000076b700000)
  object space 173568K, 0% used [0x00000006c2400000,0x00000006c2408000,0x00000006ccd80000)
 Metaspace       used 20201K, capacity 21146K, committed 21248K, reserved 1067008K
  class space    used 2507K, capacity 2732K, committed 2816K, reserved 1048576K
Event: 1.333 GC heap after
Heap after GC invocations=4 (full 0):
 PSYoungGen      total 75776K, used 6820K [0x000000076b700000, 0x0000000770b80000, 0x00000007c0000000)
  eden space 65024K, 0% used [0x000000076b700000,0x000000076b700000,0x000000076f680000)
  from space 10752K, 63% used [0x0000000770100000,0x00000007707a92c0,0x0000000770b80000)
  to   space 10752K, 0% used [0x000000076f680000,0x000000076f680000,0x0000000770100000)
 ParOldGen       total 173568K, used 40K [0x00000006c2400000, 0x00000006ccd80000, 0x000000076b700000)
  object space 173568K, 0% used [0x00000006c2400000,0x00000006c240a000,0x00000006ccd80000)
 Metaspace       used 20201K, capacity 21146K, committed 21248K, reserved 1067008K
  class space    used 2507K, capacity 2732K, committed 2816K, reserved 1048576K
}
Event: 1.333 GC heap before
{Heap before GC invocations=5 (full 1):
 PSYoungGen      total 75776K, used 6820K [0x000000076b700000, 0x0000000770b80000, 0x00000007c0000000)
  eden space 65024K, 0% used [0x000000076b700000,0x000000076b700000,0x000000076f680000)
  from space 10752K, 63% used [0x0000000770100000,0x00000007707a92c0,0x0000000770b80000)
  to   space 10752K, 0% used [0x000000076f680000,0x000000076f680000,0x0000000770100000)
 ParOldGen       total 173568K, used 40K [0x00000006c2400000, 0x00000006ccd80000, 0x000000076b700000)
  object space 173568K, 0% used [0x00000006c2400000,0x00000006c240a000,0x00000006ccd80000)
 Metaspace       used 20201K, capacity 21146K, committed 21248K, reserved 1067008K
  class space    used 2507K, capacity 2732K, committed 2816K, reserved 1048576K
Event: 1.350 GC heap after
Heap after GC invocations=5 (full 1):
 PSYoungGen      total 75776K, used 0K [0x000000076b700000, 0x0000000770b80000, 0x00000007c0000000)
  eden space 65024K, 0% used [0x000000076b700000,0x000000076b700000,0x000000076f680000)
  from space 10752K, 0% used [0x0000000770100000,0x0000000770100000,0x0000000770b80000)
  to   space 10752K, 0% used [0x000000076f680000,0x000000076f680000,0x0000000770100000)
 ParOldGen       total 97792K, used 6611K [0x00000006c2400000, 0x00000006c8380000, 0x000000076b700000)
  object space 97792K, 6% used [0x00000006c2400000,0x00000006c2a74c18,0x00000006c8380000)
 Metaspace       used 20201K, capacity 21146K, committed 21248K, reserved 1067008K
  class space    used 2507K, capacity 2732K, committed 2816K, reserved 1048576K
}
Event: 2.055 GC heap before
{Heap before GC invocations=6 (full 1):
 PSYoungGen      total 75776K, used 65024K [0x000000076b700000, 0x0000000770b80000, 0x00000007c0000000)
  eden space 65024K, 100% used [0x000000076b700000,0x000000076f680000,0x000000076f680000)
  from space 10752K, 0% used [0x0000000770100000,0x0000000770100000,0x0000000770b80000)
  to   space 10752K, 0% used [0x000000076f680000,0x000000076f680000,0x0000000770100000)
 ParOldGen       total 97792K, used 6611K [0x00000006c2400000, 0x00000006c8380000, 0x000000076b700000)
  object space 97792K, 6% used [0x00000006c2400000,0x00000006c2a74c18,0x00000006c8380000)
 Metaspace       used 23742K, capacity 25184K, committed 25344K, reserved 1071104K
  class space    used 2988K, capacity 3286K, committed 3328K, reserved 1048576K
Event: 2.059 GC heap after
Heap after GC invocations=6 (full 1):
 PSYoungGen      total 75776K, used 6557K [0x000000076b700000, 0x0000000770b80000, 0x00000007c0000000)
  eden space 65024K, 0% used [0x000000076b700000,0x000000076b700000,0x000000076f680000)
  from space 10752K, 60% used [0x000000076f680000,0x000000076fce76d8,0x0000000770100000)
  to   space 10752K, 0% used [0x0000000770100000,0x0000000770100000,0x0000000770b80000)
 ParOldGen       total 97792K, used 6619K [0x00000006c2400000, 0x00000006c8380000, 0x000000076b700000)
  object space 97792K, 6% used [0x00000006c2400000,0x00000006c2a76c18,0x00000006c8380000)
 Metaspace       used 23742K, capacity 25184K, committed 25344K, reserved 1071104K
  class space    used 2988K, capacity 3286K, committed 3328K, reserved 1048576K
}

