# JRE version: OpenJDK Runtime Environment (8.0_312-b07) (build 1.8.0_312-b07)
# Java VM: OpenJDK 64-Bit Server VM (25.312-b07 mixed mode windows-amd64 compressed oops)
Heap:
 PSYoungGen      total 294912K, used 107687K [0x000000076b700000, 0x000000077f400000, 0x00000007c0000000)
  eden space 280064K, 38% used [0x000000076b700000,0x0000000772029cf8,0x000000077c880000)
  from space 14848K, 0% used [0x000000077e580000,0x000000077e580000,0x000000077f400000)
  to   space 19456K, 0% used [0x000000077ce00000,0x000000077ce00000,0x000000077e100000)
 ParOldGen       total 218624K, used 24529K [0x00000006c2400000, 0x00000006cf980000, 0x000000076b700000)
  object space 218624K, 11% used [0x00000006c2400000,0x00000006c3bf45a8,0x00000006cf980000)
 Metaspace       used 62549K, capacity 66586K, committed 66648K, reserved 1107968K
  class space    used 8415K, capacity 9052K, committed 9088K, reserved 1048576K
GC Heap History (10 events):
Event: 3.045 GC heap before
{Heap before GC invocations=7 (full 1):
 PSYoungGen      total 140800K, used 137862K [0x000000076b700000, 0x0000000779900000, 0x00000007c0000000)
  eden space 130048K, 97% used [0x000000076b700000,0x0000000773326320,0x0000000773600000)
  from space 10752K, 99% used [0x0000000773600000,0x000000077407b4e8,0x0000000774080000)
  to   space 13824K, 0% used [0x0000000778b80000,0x0000000778b80000,0x0000000779900000)
 ParOldGen       total 97280K, used 8812K [0x00000006c2400000, 0x00000006c8300000, 0x000000076b700000)
  object space 97280K, 9% used [0x00000006c2400000,0x00000006c2c9b2a8,0x00000006c8300000)
 Metaspace       used 33082K, capacity 35324K, committed 35416K, reserved 1079296K
  class space    used 4281K, capacity 4704K, committed 4736K, reserved 1048576K
Event: 3.053 GC heap after
Heap after GC invocations=7 (full 1):
 PSYoungGen      total 216576K, used 10059K [0x000000076b700000, 0x0000000779880000, 0x00000007c0000000)
  eden space 203264K, 0% used [0x000000076b700000,0x000000076b700000,0x0000000777d80000)
  from space 13312K, 75% used [0x0000000778b80000,0x0000000779552e00,0x0000000779880000)
  to   space 13824K, 0% used [0x0000000777d80000,0x0000000777d80000,0x0000000778b00000)
 ParOldGen       total 97280K, used 8820K [0x00000006c2400000, 0x00000006c8300000, 0x000000076b700000)
  object space 97280K, 9% used [0x00000006c2400000,0x00000006c2c9d2a8,0x00000006c8300000)
 Metaspace       used 33082K, capacity 35324K, committed 35416K, reserved 1079296K
  class space    used 4281K, capacity 4704K, committed 4736K, reserved 1048576K
}
Event: 3.053 GC heap before
{Heap before GC invocations=8 (full 2):
 PSYoungGen      total 216576K, used 10059K [0x000000076b700000, 0x0000000779880000, 0x00000007c0000000)
  eden space 203264K, 0% used [0x000000076b700000,0x000000076b700000,0x0000000777d80000)
  from space 13312K, 75% used [0x0000000778b80000,0x0000000779552e00,0x0000000779880000)
  to   space 13824K, 0% used [0x0000000777d80000,0x0000000777d80000,0x0000000778b00000)
 ParOldGen       total 97280K, used 8820K [0x00000006c2400000, 0x00000006c8300000, 0x000000076b700000)
  object space 97280K, 9% used [0x00000006c2400000,0x00000006c2c9d2a8,0x00000006c8300000)
 Metaspace       used 33082K, capacity 35324K, committed 35416K, reserved 1079296K
  class space    used 4281K, capacity 4704K, committed 4736K, reserved 1048576K
Event: 3.100 GC heap after
Heap after GC invocations=8 (full 2):
 PSYoungGen      total 216576K, used 0K [0x000000076b700000, 0x0000000779880000, 0x00000007c0000000)
  eden space 203264K, 0% used [0x000000076b700000,0x000000076b700000,0x0000000777d80000)
  from space 13312K, 0% used [0x0000000778b80000,0x0000000778b80000,0x0000000779880000)
  to   space 13824K, 0% used [0x0000000777d80000,0x0000000777d80000,0x0000000778b00000)
 ParOldGen       total 155648K, used 14791K [0x00000006c2400000, 0x00000006cbc00000, 0x000000076b700000)
  object space 155648K, 9% used [0x00000006c2400000,0x00000006c3271ca0,0x00000006cbc00000)
 Metaspace       used 33082K, capacity 35324K, committed 35416K, reserved 1079296K
  class space    used 4281K, capacity 4704K, committed 4736K, reserved 1048576K
}
Event: 4.935 GC heap before
{Heap before GC invocations=9 (full 2):
 PSYoungGen      total 216576K, used 203264K [0x000000076b700000, 0x0000000779880000, 0x00000007c0000000)
  eden space 203264K, 100% used [0x000000076b700000,0x0000000777d80000,0x0000000777d80000)
  from space 13312K, 0% used [0x0000000778b80000,0x0000000778b80000,0x0000000779880000)
  to   space 13824K, 0% used [0x0000000777d80000,0x0000000777d80000,0x0000000778b00000)
 ParOldGen       total 155648K, used 14791K [0x00000006c2400000, 0x00000006cbc00000, 0x000000076b700000)
  object space 155648K, 9% used [0x00000006c2400000,0x00000006c3271ca0,0x00000006cbc00000)
 Metaspace       used 50674K, capacity 53876K, committed 53976K, reserved 1095680K
  class space    used 6898K, capacity 7393K, committed 7424K, reserved 1048576K
Event: 4.949 GC heap after
Heap after GC invocations=9 (full 2):
 PSYoungGen      total 217088K, used 13811K [0x000000076b700000, 0x000000077f800000, 0x00000007c0000000)
  eden space 203264K, 0% used [0x000000076b700000,0x000000076b700000,0x0000000777d80000)
  from space 13824K, 99% used [0x0000000777d80000,0x0000000778afcea0,0x0000000778b00000)
  to   space 18944K, 0% used [0x000000077e580000,0x000000077e580000,0x000000077f800000)
 ParOldGen       total 155648K, used 20877K [0x00000006c2400000, 0x00000006cbc00000, 0x000000076b700000)
  object space 155648K, 13% used [0x00000006c2400000,0x00000006c38636c0,0x00000006cbc00000)
 Metaspace       used 50674K, capacity 53876K, committed 53976K, reserved 1095680K
  class space    used 6898K, capacity 7393K, committed 7424K, reserved 1048576K
}
Event: 10.657 GC heap before
{Heap before GC invocations=10 (full 2):
 PSYoungGen      total 217088K, used 149921K [0x000000076b700000, 0x000000077f800000, 0x00000007c0000000)
  eden space 203264K, 66% used [0x000000076b700000,0x0000000773beb5d8,0x0000000777d80000)
  from space 13824K, 99% used [0x0000000777d80000,0x0000000778afcea0,0x0000000778b00000)
  to   space 18944K, 0% used [0x000000077e580000,0x000000077e580000,0x000000077f800000)
 ParOldGen       total 155648K, used 20877K [0x00000006c2400000, 0x00000006cbc00000, 0x000000076b700000)
  object space 155648K, 13% used [0x00000006c2400000,0x00000006c38636c0,0x00000006cbc00000)
 Metaspace       used 55173K, capacity 58882K, committed 59028K, reserved 1099776K
  class space    used 7492K, capacity 8102K, committed 8192K, reserved 1048576K
Event: 10.674 GC heap after
Heap after GC invocations=10 (full 2):
 PSYoungGen      total 294912K, used 14767K [0x000000076b700000, 0x000000077f400000, 0x00000007c0000000)
  eden space 280064K, 0% used [0x000000076b700000,0x000000076b700000,0x000000077c880000)
  from space 14848K, 99% used [0x000000077e580000,0x000000077f3ebfc0,0x000000077f400000)
  to   space 19456K, 0% used [0x000000077ce00000,0x000000077ce00000,0x000000077e100000)
 ParOldGen       total 155648K, used 20885K [0x00000006c2400000, 0x00000006cbc00000, 0x000000076b700000)
  object space 155648K, 13% used [0x00000006c2400000,0x00000006c38656c0,0x00000006cbc00000)
 Metaspace       used 55173K, capacity 58882K, committed 59028K, reserved 1099776K
  class space    used 7492K, capacity 8102K, committed 8192K, reserved 1048576K
}
Event: 10.674 GC heap before
{Heap before GC invocations=11 (full 3):
 PSYoungGen      total 294912K, used 14767K [0x000000076b700000, 0x000000077f400000, 0x00000007c0000000)
  eden space 280064K, 0% used [0x000000076b700000,0x000000076b700000,0x000000077c880000)
  from space 14848K, 99% used [0x000000077e580000,0x000000077f3ebfc0,0x000000077f400000)
  to   space 19456K, 0% used [0x000000077ce00000,0x000000077ce00000,0x000000077e100000)
 ParOldGen       total 155648K, used 20885K [0x00000006c2400000, 0x00000006cbc00000, 0x000000076b700000)
  object space 155648K, 13% used [0x00000006c2400000,0x00000006c38656c0,0x00000006cbc00000)
 Metaspace       used 55173K, capacity 58882K, committed 59028K, reserved 1099776K
  class space    used 7492K, capacity 8102K, committed 8192K, reserved 1048576K
Event: 10.783 GC heap after
Heap after GC invocations=11 (full 3):
 PSYoungGen      total 294912K, used 0K [0x000000076b700000, 0x000000077f400000, 0x00000007c0000000)
  eden space 280064K, 0% used [0x000000076b700000,0x000000076b700000,0x000000077c880000)
  from space 14848K, 0% used [0x000000077e580000,0x000000077e580000,0x000000077f400000)
  to   space 19456K, 0% used [0x000000077ce00000,0x000000077ce00000,0x000000077e100000)
 ParOldGen       total 218624K, used 24529K [0x00000006c2400000, 0x00000006cf980000, 0x000000076b700000)
  object space 218624K, 11% used [0x00000006c2400000,0x00000006c3bf45a8,0x00000006cf980000)
 Metaspace       used 55151K, capacity 58846K, committed 59028K, reserved 1099776K
  class space    used 7488K, capacity 8096K, committed 8192K, reserved 1048576K
}

